Determining if the pthread_create exist failed with the following output:
Change Dir: /home/yinhu/compsys726/build/CMakeFiles/CMakeTmp

Run Build Command:"/usr/bin/make" "cmTC_4ea4c/fast"
/usr/bin/make -f CMakeFiles/cmTC_4ea4c.dir/build.make CMakeFiles/cmTC_4ea4c.dir/build
make[1]: Entering directory '/home/yinhu/compsys726/build/CMakeFiles/CMakeTmp'
Building C object CMakeFiles/cmTC_4ea4c.dir/CheckSymbolExists.c.o
/usr/bin/cc    -o CMakeFiles/cmTC_4ea4c.dir/CheckSymbolExists.c.o   -c /home/yinhu/compsys726/build/CMakeFiles/CMakeTmp/CheckSymbolExists.c
Linking C executable cmTC_4ea4c
/usr/bin/cmake -E cmake_link_script CMakeFiles/cmTC_4ea4c.dir/link.txt --verbose=1
/usr/bin/cc      -rdynamic CMakeFiles/cmTC_4ea4c.dir/CheckSymbolExists.c.o  -o cmTC_4ea4c 
CMakeFiles/cmTC_4ea4c.dir/CheckSymbolExists.c.o: In function `main':
CheckSymbolExists.c:(.text+0x1b): undefined reference to `pthread_create'
collect2: error: ld returned 1 exit status
CMakeFiles/cmTC_4ea4c.dir/build.make:97: recipe for target 'cmTC_4ea4c' failed
make[1]: *** [cmTC_4ea4c] Error 1
make[1]: Leaving directory '/home/yinhu/compsys726/build/CMakeFiles/CMakeTmp'
Makefile:126: recipe for target 'cmTC_4ea4c/fast' failed
make: *** [cmTC_4ea4c/fast] Error 2

File /home/yinhu/compsys726/build/CMakeFiles/CMakeTmp/CheckSymbolExists.c:
/* */
#include <pthread.h>

int main(int argc, char** argv)
{
  (void)argv;
#ifndef pthread_create
  return ((int*)(&pthread_create))[argc];
#else
  (void)argc;
  return 0;
#endif
}

Determining if the function pthread_create exists in the pthreads failed with the following output:
Change Dir: /home/yinhu/compsys726/build/CMakeFiles/CMakeTmp

Run Build Command:"/usr/bin/make" "cmTC_43132/fast"
/usr/bin/make -f CMakeFiles/cmTC_43132.dir/build.make CMakeFiles/cmTC_43132.dir/build
make[1]: Entering directory '/home/yinhu/compsys726/build/CMakeFiles/CMakeTmp'
Building C object CMakeFiles/cmTC_43132.dir/CheckFunctionExists.c.o
/usr/bin/cc   -DCHECK_FUNCTION_EXISTS=pthread_create   -o CMakeFiles/cmTC_43132.dir/CheckFunctionExists.c.o   -c /usr/share/cmake-3.10/Modules/CheckFunctionExists.c
Linking C executable cmTC_43132
/usr/bin/cmake -E cmake_link_script CMakeFiles/cmTC_43132.dir/link.txt --verbose=1
/usr/bin/cc  -DCHECK_FUNCTION_EXISTS=pthread_create    -rdynamic CMakeFiles/cmTC_43132.dir/CheckFunctionExists.c.o  -o cmTC_43132 -lpthreads 
/usr/bin/ld: cannot find -lpthreads
collect2: error: ld returned 1 exit status
CMakeFiles/cmTC_43132.dir/build.make:97: recipe for target 'cmTC_43132' failed
make[1]: *** [cmTC_43132] Error 1
make[1]: Leaving directory '/home/yinhu/compsys726/build/CMakeFiles/CMakeTmp'
Makefile:126: recipe for target 'cmTC_43132/fast' failed
make: *** [cmTC_43132/fast] Error 2


